The system is: Linux - 3.10.0-693.2.2.el7.x86_64 - x86_64
Compiling the C compiler identification source file "CMakeCCompilerId.c" succeeded.
Compiler: /opt/gcc64/bin/gcc 
Build flags: 
Id flags: 

The output was:
0


Compilation of the C compiler identification source "CMakeCCompilerId.c" produced "a.out"

The C compiler identification is GNU, found in "/home/hemant/fbthrift/build/CMakeFiles/3.2.0/CompilerIdC/a.out"

Compiling the CXX compiler identification source file "CMakeCXXCompilerId.cpp" succeeded.
Compiler: /opt/gcc64/bin/g++ 
Build flags: 
Id flags: 

The output was:
0


Compilation of the CXX compiler identification source "CMakeCXXCompilerId.cpp" produced "a.out"

The CXX compiler identification is GNU, found in "/home/hemant/fbthrift/build/CMakeFiles/3.2.0/CompilerIdCXX/a.out"

Determining if the C compiler works passed with the following output:
Change Dir: /home/hemant/fbthrift/build/CMakeFiles/CMakeTmp

Run Build Command:"/usr/bin/gmake" "cmTryCompileExec924017893/fast"
gmake[1]: Entering directory `/home/hemant/fbthrift/build/CMakeFiles/CMakeTmp'
/usr/bin/gmake -f CMakeFiles/cmTryCompileExec924017893.dir/build.make CMakeFiles/cmTryCompileExec924017893.dir/build
gmake[2]: Entering directory `/home/hemant/fbthrift/build/CMakeFiles/CMakeTmp'
/usr/local/bin/cmake -E cmake_progress_report /home/hemant/fbthrift/build/CMakeFiles/CMakeTmp/CMakeFiles 1
Building C object CMakeFiles/cmTryCompileExec924017893.dir/testCCompiler.c.o
/opt/gcc64/bin/gcc    -o CMakeFiles/cmTryCompileExec924017893.dir/testCCompiler.c.o   -c /home/hemant/fbthrift/build/CMakeFiles/CMakeTmp/testCCompiler.c
Linking C executable cmTryCompileExec924017893
/usr/local/bin/cmake -E cmake_link_script CMakeFiles/cmTryCompileExec924017893.dir/link.txt --verbose=1
/opt/gcc64/bin/gcc       CMakeFiles/cmTryCompileExec924017893.dir/testCCompiler.c.o  -o cmTryCompileExec924017893 -rdynamic 
gmake[2]: Leaving directory `/home/hemant/fbthrift/build/CMakeFiles/CMakeTmp'
gmake[1]: Leaving directory `/home/hemant/fbthrift/build/CMakeFiles/CMakeTmp'


Detecting C compiler ABI info compiled with the following output:
Change Dir: /home/hemant/fbthrift/build/CMakeFiles/CMakeTmp

Run Build Command:"/usr/bin/gmake" "cmTryCompileExec147043949/fast"
gmake[1]: Entering directory `/home/hemant/fbthrift/build/CMakeFiles/CMakeTmp'
/usr/bin/gmake -f CMakeFiles/cmTryCompileExec147043949.dir/build.make CMakeFiles/cmTryCompileExec147043949.dir/build
gmake[2]: Entering directory `/home/hemant/fbthrift/build/CMakeFiles/CMakeTmp'
/usr/local/bin/cmake -E cmake_progress_report /home/hemant/fbthrift/build/CMakeFiles/CMakeTmp/CMakeFiles 1
Building C object CMakeFiles/cmTryCompileExec147043949.dir/CMakeCCompilerABI.c.o
/opt/gcc64/bin/gcc    -o CMakeFiles/cmTryCompileExec147043949.dir/CMakeCCompilerABI.c.o   -c /usr/local/share/cmake-3.2/Modules/CMakeCCompilerABI.c
Linking C executable cmTryCompileExec147043949
/usr/local/bin/cmake -E cmake_link_script CMakeFiles/cmTryCompileExec147043949.dir/link.txt --verbose=1
/opt/gcc64/bin/gcc      -v CMakeFiles/cmTryCompileExec147043949.dir/CMakeCCompilerABI.c.o  -o cmTryCompileExec147043949 -rdynamic  
Using built-in specs.
COLLECT_GCC=/opt/gcc64/bin/gcc
COLLECT_LTO_WRAPPER=/opt/gcc64/libexec/gcc/x86_64-redhat-linux/6.4.0/lto-wrapper
Target: x86_64-redhat-linux
Configured with: ../gcc-6.4.0/configure --enable-bootstrap --prefix=/opt/gcc64 --enable-languages=c,c++,fortran,lto --enable-shared --enable-threads=posix --enable-checking=release --enable-multilib --with-system-zlib --enable-__cxa_atexit --disable-libunwind-exceptions --enable-gnu-unique-object --enable-linker-build-id --enable-plugin --with-linker-hash-style=gnu --enable-initfini-array --disable-libgcj --with-default-libstdcxx-abi=gcc4-compatible --enable-libmpx --enable-gnu-indirect-function --with-tune=generic --with-arch_32=i686 --build=x86_64-redhat-linux --without-isl
Thread model: posix
gcc version 6.4.0 (GCC) 
COMPILER_PATH=/opt/gcc64/libexec/gcc/x86_64-redhat-linux/6.4.0/:/opt/gcc64/libexec/gcc/x86_64-redhat-linux/6.4.0/:/opt/gcc64/libexec/gcc/x86_64-redhat-linux/:/opt/gcc64/lib/gcc/x86_64-redhat-linux/6.4.0/:/opt/gcc64/lib/gcc/x86_64-redhat-linux/
LIBRARY_PATH=/usr/local/lib/../lib64/:/opt/gcc64/lib/gcc/x86_64-redhat-linux/6.4.0/:/opt/gcc64/lib/gcc/x86_64-redhat-linux/6.4.0/../../../../lib64/:/lib/../lib64/:/usr/lib/../lib64/:/usr/local/boost/lib/:./:/usr/local/lib/:/opt/gcc64/lib/gcc/x86_64-redhat-linux/6.4.0/../../../:/lib/:/usr/lib/
COLLECT_GCC_OPTIONS='-v' '-o' 'cmTryCompileExec147043949' '-rdynamic' '-mtune=generic' '-march=x86-64'
 /opt/gcc64/libexec/gcc/x86_64-redhat-linux/6.4.0/collect2 -plugin /opt/gcc64/libexec/gcc/x86_64-redhat-linux/6.4.0/liblto_plugin.so -plugin-opt=/opt/gcc64/libexec/gcc/x86_64-redhat-linux/6.4.0/lto-wrapper -plugin-opt=-fresolution=/tmp/ccMc32CL.res -plugin-opt=-pass-through=-lgcc -plugin-opt=-pass-through=-lgcc_s -plugin-opt=-pass-through=-lc -plugin-opt=-pass-through=-lgcc -plugin-opt=-pass-through=-lgcc_s --build-id --eh-frame-hdr --hash-style=gnu -m elf_x86_64 -export-dynamic -dynamic-linker /lib64/ld-linux-x86-64.so.2 -o cmTryCompileExec147043949 /lib/../lib64/crt1.o /lib/../lib64/crti.o /opt/gcc64/lib/gcc/x86_64-redhat-linux/6.4.0/crtbegin.o -L/usr/local/lib/../lib64 -L/opt/gcc64/lib/gcc/x86_64-redhat-linux/6.4.0 -L/opt/gcc64/lib/gcc/x86_64-redhat-linux/6.4.0/../../../../lib64 -L/lib/../lib64 -L/usr/lib/../lib64 -L/usr/local/boost/lib -L. -L/usr/local/lib -L/opt/gcc64/lib/gcc/x86_64-redhat-linux/6.4.0/../../.. CMakeFiles/cmTryCompileExec147043949.dir/CMakeCCompilerABI.c.o -lgcc --as-needed -lgcc_s --no-as-needed -lc -lgcc --as-needed -lgcc_s --no-as-needed /opt/gcc64/lib/gcc/x86_64-redhat-linux/6.4.0/crtend.o /lib/../lib64/crtn.o
COLLECT_GCC_OPTIONS='-v' '-o' 'cmTryCompileExec147043949' '-rdynamic' '-mtune=generic' '-march=x86-64'
gmake[2]: Leaving directory `/home/hemant/fbthrift/build/CMakeFiles/CMakeTmp'
gmake[1]: Leaving directory `/home/hemant/fbthrift/build/CMakeFiles/CMakeTmp'


Parsed C implicit link information from above output:
  link line regex: [^( *|.*[/\])(ld|([^/\]+-)?ld|collect2)[^/\]*( |$)]
  ignore line: [Change Dir: /home/hemant/fbthrift/build/CMakeFiles/CMakeTmp]
  ignore line: []
  ignore line: [Run Build Command:"/usr/bin/gmake" "cmTryCompileExec147043949/fast"]
  ignore line: [gmake[1]: Entering directory `/home/hemant/fbthrift/build/CMakeFiles/CMakeTmp']
  ignore line: [/usr/bin/gmake -f CMakeFiles/cmTryCompileExec147043949.dir/build.make CMakeFiles/cmTryCompileExec147043949.dir/build]
  ignore line: [gmake[2]: Entering directory `/home/hemant/fbthrift/build/CMakeFiles/CMakeTmp']
  ignore line: [/usr/local/bin/cmake -E cmake_progress_report /home/hemant/fbthrift/build/CMakeFiles/CMakeTmp/CMakeFiles 1]
  ignore line: [Building C object CMakeFiles/cmTryCompileExec147043949.dir/CMakeCCompilerABI.c.o]
  ignore line: [/opt/gcc64/bin/gcc    -o CMakeFiles/cmTryCompileExec147043949.dir/CMakeCCompilerABI.c.o   -c /usr/local/share/cmake-3.2/Modules/CMakeCCompilerABI.c]
  ignore line: [Linking C executable cmTryCompileExec147043949]
  ignore line: [/usr/local/bin/cmake -E cmake_link_script CMakeFiles/cmTryCompileExec147043949.dir/link.txt --verbose=1]
  ignore line: [/opt/gcc64/bin/gcc      -v CMakeFiles/cmTryCompileExec147043949.dir/CMakeCCompilerABI.c.o  -o cmTryCompileExec147043949 -rdynamic  ]
  ignore line: [Using built-in specs.]
  ignore line: [COLLECT_GCC=/opt/gcc64/bin/gcc]
  ignore line: [COLLECT_LTO_WRAPPER=/opt/gcc64/libexec/gcc/x86_64-redhat-linux/6.4.0/lto-wrapper]
  ignore line: [Target: x86_64-redhat-linux]
  ignore line: [Configured with: ../gcc-6.4.0/configure --enable-bootstrap --prefix=/opt/gcc64 --enable-languages=c,c++,fortran,lto --enable-shared --enable-threads=posix --enable-checking=release --enable-multilib --with-system-zlib --enable-__cxa_atexit --disable-libunwind-exceptions --enable-gnu-unique-object --enable-linker-build-id --enable-plugin --with-linker-hash-style=gnu --enable-initfini-array --disable-libgcj --with-default-libstdcxx-abi=gcc4-compatible --enable-libmpx --enable-gnu-indirect-function --with-tune=generic --with-arch_32=i686 --build=x86_64-redhat-linux --without-isl]
  ignore line: [Thread model: posix]
  ignore line: [gcc version 6.4.0 (GCC) ]
  ignore line: [COMPILER_PATH=/opt/gcc64/libexec/gcc/x86_64-redhat-linux/6.4.0/:/opt/gcc64/libexec/gcc/x86_64-redhat-linux/6.4.0/:/opt/gcc64/libexec/gcc/x86_64-redhat-linux/:/opt/gcc64/lib/gcc/x86_64-redhat-linux/6.4.0/:/opt/gcc64/lib/gcc/x86_64-redhat-linux/]
  ignore line: [LIBRARY_PATH=/usr/local/lib/../lib64/:/opt/gcc64/lib/gcc/x86_64-redhat-linux/6.4.0/:/opt/gcc64/lib/gcc/x86_64-redhat-linux/6.4.0/../../../../lib64/:/lib/../lib64/:/usr/lib/../lib64/:/usr/local/boost/lib/:./:/usr/local/lib/:/opt/gcc64/lib/gcc/x86_64-redhat-linux/6.4.0/../../../:/lib/:/usr/lib/]
  ignore line: [COLLECT_GCC_OPTIONS='-v' '-o' 'cmTryCompileExec147043949' '-rdynamic' '-mtune=generic' '-march=x86-64']
  link line: [ /opt/gcc64/libexec/gcc/x86_64-redhat-linux/6.4.0/collect2 -plugin /opt/gcc64/libexec/gcc/x86_64-redhat-linux/6.4.0/liblto_plugin.so -plugin-opt=/opt/gcc64/libexec/gcc/x86_64-redhat-linux/6.4.0/lto-wrapper -plugin-opt=-fresolution=/tmp/ccMc32CL.res -plugin-opt=-pass-through=-lgcc -plugin-opt=-pass-through=-lgcc_s -plugin-opt=-pass-through=-lc -plugin-opt=-pass-through=-lgcc -plugin-opt=-pass-through=-lgcc_s --build-id --eh-frame-hdr --hash-style=gnu -m elf_x86_64 -export-dynamic -dynamic-linker /lib64/ld-linux-x86-64.so.2 -o cmTryCompileExec147043949 /lib/../lib64/crt1.o /lib/../lib64/crti.o /opt/gcc64/lib/gcc/x86_64-redhat-linux/6.4.0/crtbegin.o -L/usr/local/lib/../lib64 -L/opt/gcc64/lib/gcc/x86_64-redhat-linux/6.4.0 -L/opt/gcc64/lib/gcc/x86_64-redhat-linux/6.4.0/../../../../lib64 -L/lib/../lib64 -L/usr/lib/../lib64 -L/usr/local/boost/lib -L. -L/usr/local/lib -L/opt/gcc64/lib/gcc/x86_64-redhat-linux/6.4.0/../../.. CMakeFiles/cmTryCompileExec147043949.dir/CMakeCCompilerABI.c.o -lgcc --as-needed -lgcc_s --no-as-needed -lc -lgcc --as-needed -lgcc_s --no-as-needed /opt/gcc64/lib/gcc/x86_64-redhat-linux/6.4.0/crtend.o /lib/../lib64/crtn.o]
    arg [/opt/gcc64/libexec/gcc/x86_64-redhat-linux/6.4.0/collect2] ==> ignore
    arg [-plugin] ==> ignore
    arg [/opt/gcc64/libexec/gcc/x86_64-redhat-linux/6.4.0/liblto_plugin.so] ==> ignore
    arg [-plugin-opt=/opt/gcc64/libexec/gcc/x86_64-redhat-linux/6.4.0/lto-wrapper] ==> ignore
    arg [-plugin-opt=-fresolution=/tmp/ccMc32CL.res] ==> ignore
    arg [-plugin-opt=-pass-through=-lgcc] ==> ignore
    arg [-plugin-opt=-pass-through=-lgcc_s] ==> ignore
    arg [-plugin-opt=-pass-through=-lc] ==> ignore
    arg [-plugin-opt=-pass-through=-lgcc] ==> ignore
    arg [-plugin-opt=-pass-through=-lgcc_s] ==> ignore
    arg [--build-id] ==> ignore
    arg [--eh-frame-hdr] ==> ignore
    arg [--hash-style=gnu] ==> ignore
    arg [-m] ==> ignore
    arg [elf_x86_64] ==> ignore
    arg [-export-dynamic] ==> ignore
    arg [-dynamic-linker] ==> ignore
    arg [/lib64/ld-linux-x86-64.so.2] ==> ignore
    arg [-o] ==> ignore
    arg [cmTryCompileExec147043949] ==> ignore
    arg [/lib/../lib64/crt1.o] ==> ignore
    arg [/lib/../lib64/crti.o] ==> ignore
    arg [/opt/gcc64/lib/gcc/x86_64-redhat-linux/6.4.0/crtbegin.o] ==> ignore
    arg [-L/usr/local/lib/../lib64] ==> dir [/usr/local/lib/../lib64]
    arg [-L/opt/gcc64/lib/gcc/x86_64-redhat-linux/6.4.0] ==> dir [/opt/gcc64/lib/gcc/x86_64-redhat-linux/6.4.0]
    arg [-L/opt/gcc64/lib/gcc/x86_64-redhat-linux/6.4.0/../../../../lib64] ==> dir [/opt/gcc64/lib/gcc/x86_64-redhat-linux/6.4.0/../../../../lib64]
    arg [-L/lib/../lib64] ==> dir [/lib/../lib64]
    arg [-L/usr/lib/../lib64] ==> dir [/usr/lib/../lib64]
    arg [-L/usr/local/boost/lib] ==> dir [/usr/local/boost/lib]
    arg [-L.] ==> ignore
    arg [-L/usr/local/lib] ==> dir [/usr/local/lib]
    arg [-L/opt/gcc64/lib/gcc/x86_64-redhat-linux/6.4.0/../../..] ==> dir [/opt/gcc64/lib/gcc/x86_64-redhat-linux/6.4.0/../../..]
    arg [CMakeFiles/cmTryCompileExec147043949.dir/CMakeCCompilerABI.c.o] ==> ignore
    arg [-lgcc] ==> lib [gcc]
    arg [--as-needed] ==> ignore
    arg [-lgcc_s] ==> lib [gcc_s]
    arg [--no-as-needed] ==> ignore
    arg [-lc] ==> lib [c]
    arg [-lgcc] ==> lib [gcc]
    arg [--as-needed] ==> ignore
    arg [-lgcc_s] ==> lib [gcc_s]
    arg [--no-as-needed] ==> ignore
    arg [/opt/gcc64/lib/gcc/x86_64-redhat-linux/6.4.0/crtend.o] ==> ignore
    arg [/lib/../lib64/crtn.o] ==> ignore
  remove lib [gcc]
  remove lib [gcc_s]
  remove lib [gcc]
  remove lib [gcc_s]
  collapse library dir [/usr/local/lib/../lib64] ==> [/usr/local/lib64]
  collapse library dir [/opt/gcc64/lib/gcc/x86_64-redhat-linux/6.4.0] ==> [/opt/gcc64/lib/gcc/x86_64-redhat-linux/6.4.0]
  collapse library dir [/opt/gcc64/lib/gcc/x86_64-redhat-linux/6.4.0/../../../../lib64] ==> [/opt/gcc64/lib64]
  collapse library dir [/lib/../lib64] ==> [/lib64]
  collapse library dir [/usr/lib/../lib64] ==> [/usr/lib64]
  collapse library dir [/usr/local/boost/lib] ==> [/usr/local/boost/lib]
  collapse library dir [/usr/local/lib] ==> [/usr/local/lib]
  collapse library dir [/opt/gcc64/lib/gcc/x86_64-redhat-linux/6.4.0/../../..] ==> [/opt/gcc64/lib]
  implicit libs: [c]
  implicit dirs: [/usr/local/lib64;/opt/gcc64/lib/gcc/x86_64-redhat-linux/6.4.0;/opt/gcc64/lib64;/lib64;/usr/lib64;/usr/local/boost/lib;/usr/local/lib;/opt/gcc64/lib]
  implicit fwks: []




Detecting C [-std=c11] compiler features compiled with the following output:
Change Dir: /home/hemant/fbthrift/build/CMakeFiles/CMakeTmp

Run Build Command:"/usr/bin/gmake" "cmTryCompileExec511879106/fast"
gmake[1]: Entering directory `/home/hemant/fbthrift/build/CMakeFiles/CMakeTmp'
/usr/bin/gmake -f CMakeFiles/cmTryCompileExec511879106.dir/build.make CMakeFiles/cmTryCompileExec511879106.dir/build
gmake[2]: Entering directory `/home/hemant/fbthrift/build/CMakeFiles/CMakeTmp'
/usr/local/bin/cmake -E cmake_progress_report /home/hemant/fbthrift/build/CMakeFiles/CMakeTmp/CMakeFiles 1
Building C object CMakeFiles/cmTryCompileExec511879106.dir/feature_tests.c.o
/opt/gcc64/bin/gcc   -std=c11 -o CMakeFiles/cmTryCompileExec511879106.dir/feature_tests.c.o   -c /home/hemant/fbthrift/build/CMakeFiles/feature_tests.c
Linking C executable cmTryCompileExec511879106
/usr/local/bin/cmake -E cmake_link_script CMakeFiles/cmTryCompileExec511879106.dir/link.txt --verbose=1
/opt/gcc64/bin/gcc       CMakeFiles/cmTryCompileExec511879106.dir/feature_tests.c.o  -o cmTryCompileExec511879106 -rdynamic 
gmake[2]: Leaving directory `/home/hemant/fbthrift/build/CMakeFiles/CMakeTmp'
gmake[1]: Leaving directory `/home/hemant/fbthrift/build/CMakeFiles/CMakeTmp'


    Feature record: C_FEATURE:1c_function_prototypes
    Feature record: C_FEATURE:1c_restrict
    Feature record: C_FEATURE:1c_static_assert
    Feature record: C_FEATURE:1c_variadic_macros


Detecting C [-std=c99] compiler features compiled with the following output:
Change Dir: /home/hemant/fbthrift/build/CMakeFiles/CMakeTmp

Run Build Command:"/usr/bin/gmake" "cmTryCompileExec16319892/fast"
gmake[1]: Entering directory `/home/hemant/fbthrift/build/CMakeFiles/CMakeTmp'
/usr/bin/gmake -f CMakeFiles/cmTryCompileExec16319892.dir/build.make CMakeFiles/cmTryCompileExec16319892.dir/build
gmake[2]: Entering directory `/home/hemant/fbthrift/build/CMakeFiles/CMakeTmp'
/usr/local/bin/cmake -E cmake_progress_report /home/hemant/fbthrift/build/CMakeFiles/CMakeTmp/CMakeFiles 1
Building C object CMakeFiles/cmTryCompileExec16319892.dir/feature_tests.c.o
/opt/gcc64/bin/gcc   -std=c99 -o CMakeFiles/cmTryCompileExec16319892.dir/feature_tests.c.o   -c /home/hemant/fbthrift/build/CMakeFiles/feature_tests.c
Linking C executable cmTryCompileExec16319892
/usr/local/bin/cmake -E cmake_link_script CMakeFiles/cmTryCompileExec16319892.dir/link.txt --verbose=1
/opt/gcc64/bin/gcc       CMakeFiles/cmTryCompileExec16319892.dir/feature_tests.c.o  -o cmTryCompileExec16319892 -rdynamic 
gmake[2]: Leaving directory `/home/hemant/fbthrift/build/CMakeFiles/CMakeTmp'
gmake[1]: Leaving directory `/home/hemant/fbthrift/build/CMakeFiles/CMakeTmp'


    Feature record: C_FEATURE:1c_function_prototypes
    Feature record: C_FEATURE:1c_restrict
    Feature record: C_FEATURE:0c_static_assert
    Feature record: C_FEATURE:1c_variadic_macros


Detecting C [-std=c90] compiler features compiled with the following output:
Change Dir: /home/hemant/fbthrift/build/CMakeFiles/CMakeTmp

Run Build Command:"/usr/bin/gmake" "cmTryCompileExec3404545871/fast"
gmake[1]: Entering directory `/home/hemant/fbthrift/build/CMakeFiles/CMakeTmp'
/usr/bin/gmake -f CMakeFiles/cmTryCompileExec3404545871.dir/build.make CMakeFiles/cmTryCompileExec3404545871.dir/build
gmake[2]: Entering directory `/home/hemant/fbthrift/build/CMakeFiles/CMakeTmp'
/usr/local/bin/cmake -E cmake_progress_report /home/hemant/fbthrift/build/CMakeFiles/CMakeTmp/CMakeFiles 1
Building C object CMakeFiles/cmTryCompileExec3404545871.dir/feature_tests.c.o
/opt/gcc64/bin/gcc   -std=c90 -o CMakeFiles/cmTryCompileExec3404545871.dir/feature_tests.c.o   -c /home/hemant/fbthrift/build/CMakeFiles/feature_tests.c
Linking C executable cmTryCompileExec3404545871
/usr/local/bin/cmake -E cmake_link_script CMakeFiles/cmTryCompileExec3404545871.dir/link.txt --verbose=1
/opt/gcc64/bin/gcc       CMakeFiles/cmTryCompileExec3404545871.dir/feature_tests.c.o  -o cmTryCompileExec3404545871 -rdynamic 
gmake[2]: Leaving directory `/home/hemant/fbthrift/build/CMakeFiles/CMakeTmp'
gmake[1]: Leaving directory `/home/hemant/fbthrift/build/CMakeFiles/CMakeTmp'


    Feature record: C_FEATURE:1c_function_prototypes
    Feature record: C_FEATURE:0c_restrict
    Feature record: C_FEATURE:0c_static_assert
    Feature record: C_FEATURE:0c_variadic_macros
Determining if the CXX compiler works passed with the following output:
Change Dir: /home/hemant/fbthrift/build/CMakeFiles/CMakeTmp

Run Build Command:"/usr/bin/gmake" "cmTryCompileExec1530034050/fast"
gmake[1]: Entering directory `/home/hemant/fbthrift/build/CMakeFiles/CMakeTmp'
/usr/bin/gmake -f CMakeFiles/cmTryCompileExec1530034050.dir/build.make CMakeFiles/cmTryCompileExec1530034050.dir/build
gmake[2]: Entering directory `/home/hemant/fbthrift/build/CMakeFiles/CMakeTmp'
/usr/local/bin/cmake -E cmake_progress_report /home/hemant/fbthrift/build/CMakeFiles/CMakeTmp/CMakeFiles 1
Building CXX object CMakeFiles/cmTryCompileExec1530034050.dir/testCXXCompiler.cxx.o
/opt/gcc64/bin/g++     -o CMakeFiles/cmTryCompileExec1530034050.dir/testCXXCompiler.cxx.o -c /home/hemant/fbthrift/build/CMakeFiles/CMakeTmp/testCXXCompiler.cxx
Linking CXX executable cmTryCompileExec1530034050
/usr/local/bin/cmake -E cmake_link_script CMakeFiles/cmTryCompileExec1530034050.dir/link.txt --verbose=1
/opt/gcc64/bin/g++        CMakeFiles/cmTryCompileExec1530034050.dir/testCXXCompiler.cxx.o  -o cmTryCompileExec1530034050 -rdynamic 
gmake[2]: Leaving directory `/home/hemant/fbthrift/build/CMakeFiles/CMakeTmp'
gmake[1]: Leaving directory `/home/hemant/fbthrift/build/CMakeFiles/CMakeTmp'


Detecting CXX compiler ABI info compiled with the following output:
Change Dir: /home/hemant/fbthrift/build/CMakeFiles/CMakeTmp

Run Build Command:"/usr/bin/gmake" "cmTryCompileExec537874914/fast"
gmake[1]: Entering directory `/home/hemant/fbthrift/build/CMakeFiles/CMakeTmp'
/usr/bin/gmake -f CMakeFiles/cmTryCompileExec537874914.dir/build.make CMakeFiles/cmTryCompileExec537874914.dir/build
gmake[2]: Entering directory `/home/hemant/fbthrift/build/CMakeFiles/CMakeTmp'
/usr/local/bin/cmake -E cmake_progress_report /home/hemant/fbthrift/build/CMakeFiles/CMakeTmp/CMakeFiles 1
Building CXX object CMakeFiles/cmTryCompileExec537874914.dir/CMakeCXXCompilerABI.cpp.o
/opt/gcc64/bin/g++     -o CMakeFiles/cmTryCompileExec537874914.dir/CMakeCXXCompilerABI.cpp.o -c /usr/local/share/cmake-3.2/Modules/CMakeCXXCompilerABI.cpp
Linking CXX executable cmTryCompileExec537874914
/usr/local/bin/cmake -E cmake_link_script CMakeFiles/cmTryCompileExec537874914.dir/link.txt --verbose=1
/opt/gcc64/bin/g++       -v CMakeFiles/cmTryCompileExec537874914.dir/CMakeCXXCompilerABI.cpp.o  -o cmTryCompileExec537874914 -rdynamic  
Using built-in specs.
COLLECT_GCC=/opt/gcc64/bin/g++
COLLECT_LTO_WRAPPER=/opt/gcc64/libexec/gcc/x86_64-redhat-linux/6.4.0/lto-wrapper
Target: x86_64-redhat-linux
Configured with: ../gcc-6.4.0/configure --enable-bootstrap --prefix=/opt/gcc64 --enable-languages=c,c++,fortran,lto --enable-shared --enable-threads=posix --enable-checking=release --enable-multilib --with-system-zlib --enable-__cxa_atexit --disable-libunwind-exceptions --enable-gnu-unique-object --enable-linker-build-id --enable-plugin --with-linker-hash-style=gnu --enable-initfini-array --disable-libgcj --with-default-libstdcxx-abi=gcc4-compatible --enable-libmpx --enable-gnu-indirect-function --with-tune=generic --with-arch_32=i686 --build=x86_64-redhat-linux --without-isl
Thread model: posix
gcc version 6.4.0 (GCC) 
COMPILER_PATH=/opt/gcc64/libexec/gcc/x86_64-redhat-linux/6.4.0/:/opt/gcc64/libexec/gcc/x86_64-redhat-linux/6.4.0/:/opt/gcc64/libexec/gcc/x86_64-redhat-linux/:/opt/gcc64/lib/gcc/x86_64-redhat-linux/6.4.0/:/opt/gcc64/lib/gcc/x86_64-redhat-linux/
LIBRARY_PATH=/usr/local/lib/../lib64/:/opt/gcc64/lib/gcc/x86_64-redhat-linux/6.4.0/:/opt/gcc64/lib/gcc/x86_64-redhat-linux/6.4.0/../../../../lib64/:/lib/../lib64/:/usr/lib/../lib64/:/usr/local/boost/lib/:./:/usr/local/lib/:/opt/gcc64/lib/gcc/x86_64-redhat-linux/6.4.0/../../../:/lib/:/usr/lib/
COLLECT_GCC_OPTIONS='-v' '-o' 'cmTryCompileExec537874914' '-rdynamic' '-shared-libgcc' '-mtune=generic' '-march=x86-64'
 /opt/gcc64/libexec/gcc/x86_64-redhat-linux/6.4.0/collect2 -plugin /opt/gcc64/libexec/gcc/x86_64-redhat-linux/6.4.0/liblto_plugin.so -plugin-opt=/opt/gcc64/libexec/gcc/x86_64-redhat-linux/6.4.0/lto-wrapper -plugin-opt=-fresolution=/tmp/ccYVkx86.res -plugin-opt=-pass-through=-lgcc_s -plugin-opt=-pass-through=-lgcc -plugin-opt=-pass-through=-lc -plugin-opt=-pass-through=-lgcc_s -plugin-opt=-pass-through=-lgcc --build-id --eh-frame-hdr --hash-style=gnu -m elf_x86_64 -export-dynamic -dynamic-linker /lib64/ld-linux-x86-64.so.2 -o cmTryCompileExec537874914 /lib/../lib64/crt1.o /lib/../lib64/crti.o /opt/gcc64/lib/gcc/x86_64-redhat-linux/6.4.0/crtbegin.o -L/usr/local/lib/../lib64 -L/opt/gcc64/lib/gcc/x86_64-redhat-linux/6.4.0 -L/opt/gcc64/lib/gcc/x86_64-redhat-linux/6.4.0/../../../../lib64 -L/lib/../lib64 -L/usr/lib/../lib64 -L/usr/local/boost/lib -L. -L/usr/local/lib -L/opt/gcc64/lib/gcc/x86_64-redhat-linux/6.4.0/../../.. CMakeFiles/cmTryCompileExec537874914.dir/CMakeCXXCompilerABI.cpp.o -lstdc++ -lm -lgcc_s -lgcc -lc -lgcc_s -lgcc /opt/gcc64/lib/gcc/x86_64-redhat-linux/6.4.0/crtend.o /lib/../lib64/crtn.o
COLLECT_GCC_OPTIONS='-v' '-o' 'cmTryCompileExec537874914' '-rdynamic' '-shared-libgcc' '-mtune=generic' '-march=x86-64'
gmake[2]: Leaving directory `/home/hemant/fbthrift/build/CMakeFiles/CMakeTmp'
gmake[1]: Leaving directory `/home/hemant/fbthrift/build/CMakeFiles/CMakeTmp'


Parsed CXX implicit link information from above output:
  link line regex: [^( *|.*[/\])(ld|([^/\]+-)?ld|collect2)[^/\]*( |$)]
  ignore line: [Change Dir: /home/hemant/fbthrift/build/CMakeFiles/CMakeTmp]
  ignore line: []
  ignore line: [Run Build Command:"/usr/bin/gmake" "cmTryCompileExec537874914/fast"]
  ignore line: [gmake[1]: Entering directory `/home/hemant/fbthrift/build/CMakeFiles/CMakeTmp']
  ignore line: [/usr/bin/gmake -f CMakeFiles/cmTryCompileExec537874914.dir/build.make CMakeFiles/cmTryCompileExec537874914.dir/build]
  ignore line: [gmake[2]: Entering directory `/home/hemant/fbthrift/build/CMakeFiles/CMakeTmp']
  ignore line: [/usr/local/bin/cmake -E cmake_progress_report /home/hemant/fbthrift/build/CMakeFiles/CMakeTmp/CMakeFiles 1]
  ignore line: [Building CXX object CMakeFiles/cmTryCompileExec537874914.dir/CMakeCXXCompilerABI.cpp.o]
  ignore line: [/opt/gcc64/bin/g++     -o CMakeFiles/cmTryCompileExec537874914.dir/CMakeCXXCompilerABI.cpp.o -c /usr/local/share/cmake-3.2/Modules/CMakeCXXCompilerABI.cpp]
  ignore line: [Linking CXX executable cmTryCompileExec537874914]
  ignore line: [/usr/local/bin/cmake -E cmake_link_script CMakeFiles/cmTryCompileExec537874914.dir/link.txt --verbose=1]
  ignore line: [/opt/gcc64/bin/g++       -v CMakeFiles/cmTryCompileExec537874914.dir/CMakeCXXCompilerABI.cpp.o  -o cmTryCompileExec537874914 -rdynamic  ]
  ignore line: [Using built-in specs.]
  ignore line: [COLLECT_GCC=/opt/gcc64/bin/g++]
  ignore line: [COLLECT_LTO_WRAPPER=/opt/gcc64/libexec/gcc/x86_64-redhat-linux/6.4.0/lto-wrapper]
  ignore line: [Target: x86_64-redhat-linux]
  ignore line: [Configured with: ../gcc-6.4.0/configure --enable-bootstrap --prefix=/opt/gcc64 --enable-languages=c,c++,fortran,lto --enable-shared --enable-threads=posix --enable-checking=release --enable-multilib --with-system-zlib --enable-__cxa_atexit --disable-libunwind-exceptions --enable-gnu-unique-object --enable-linker-build-id --enable-plugin --with-linker-hash-style=gnu --enable-initfini-array --disable-libgcj --with-default-libstdcxx-abi=gcc4-compatible --enable-libmpx --enable-gnu-indirect-function --with-tune=generic --with-arch_32=i686 --build=x86_64-redhat-linux --without-isl]
  ignore line: [Thread model: posix]
  ignore line: [gcc version 6.4.0 (GCC) ]
  ignore line: [COMPILER_PATH=/opt/gcc64/libexec/gcc/x86_64-redhat-linux/6.4.0/:/opt/gcc64/libexec/gcc/x86_64-redhat-linux/6.4.0/:/opt/gcc64/libexec/gcc/x86_64-redhat-linux/:/opt/gcc64/lib/gcc/x86_64-redhat-linux/6.4.0/:/opt/gcc64/lib/gcc/x86_64-redhat-linux/]
  ignore line: [LIBRARY_PATH=/usr/local/lib/../lib64/:/opt/gcc64/lib/gcc/x86_64-redhat-linux/6.4.0/:/opt/gcc64/lib/gcc/x86_64-redhat-linux/6.4.0/../../../../lib64/:/lib/../lib64/:/usr/lib/../lib64/:/usr/local/boost/lib/:./:/usr/local/lib/:/opt/gcc64/lib/gcc/x86_64-redhat-linux/6.4.0/../../../:/lib/:/usr/lib/]
  ignore line: [COLLECT_GCC_OPTIONS='-v' '-o' 'cmTryCompileExec537874914' '-rdynamic' '-shared-libgcc' '-mtune=generic' '-march=x86-64']
  link line: [ /opt/gcc64/libexec/gcc/x86_64-redhat-linux/6.4.0/collect2 -plugin /opt/gcc64/libexec/gcc/x86_64-redhat-linux/6.4.0/liblto_plugin.so -plugin-opt=/opt/gcc64/libexec/gcc/x86_64-redhat-linux/6.4.0/lto-wrapper -plugin-opt=-fresolution=/tmp/ccYVkx86.res -plugin-opt=-pass-through=-lgcc_s -plugin-opt=-pass-through=-lgcc -plugin-opt=-pass-through=-lc -plugin-opt=-pass-through=-lgcc_s -plugin-opt=-pass-through=-lgcc --build-id --eh-frame-hdr --hash-style=gnu -m elf_x86_64 -export-dynamic -dynamic-linker /lib64/ld-linux-x86-64.so.2 -o cmTryCompileExec537874914 /lib/../lib64/crt1.o /lib/../lib64/crti.o /opt/gcc64/lib/gcc/x86_64-redhat-linux/6.4.0/crtbegin.o -L/usr/local/lib/../lib64 -L/opt/gcc64/lib/gcc/x86_64-redhat-linux/6.4.0 -L/opt/gcc64/lib/gcc/x86_64-redhat-linux/6.4.0/../../../../lib64 -L/lib/../lib64 -L/usr/lib/../lib64 -L/usr/local/boost/lib -L. -L/usr/local/lib -L/opt/gcc64/lib/gcc/x86_64-redhat-linux/6.4.0/../../.. CMakeFiles/cmTryCompileExec537874914.dir/CMakeCXXCompilerABI.cpp.o -lstdc++ -lm -lgcc_s -lgcc -lc -lgcc_s -lgcc /opt/gcc64/lib/gcc/x86_64-redhat-linux/6.4.0/crtend.o /lib/../lib64/crtn.o]
    arg [/opt/gcc64/libexec/gcc/x86_64-redhat-linux/6.4.0/collect2] ==> ignore
    arg [-plugin] ==> ignore
    arg [/opt/gcc64/libexec/gcc/x86_64-redhat-linux/6.4.0/liblto_plugin.so] ==> ignore
    arg [-plugin-opt=/opt/gcc64/libexec/gcc/x86_64-redhat-linux/6.4.0/lto-wrapper] ==> ignore
    arg [-plugin-opt=-fresolution=/tmp/ccYVkx86.res] ==> ignore
    arg [-plugin-opt=-pass-through=-lgcc_s] ==> ignore
    arg [-plugin-opt=-pass-through=-lgcc] ==> ignore
    arg [-plugin-opt=-pass-through=-lc] ==> ignore
    arg [-plugin-opt=-pass-through=-lgcc_s] ==> ignore
    arg [-plugin-opt=-pass-through=-lgcc] ==> ignore
    arg [--build-id] ==> ignore
    arg [--eh-frame-hdr] ==> ignore
    arg [--hash-style=gnu] ==> ignore
    arg [-m] ==> ignore
    arg [elf_x86_64] ==> ignore
    arg [-export-dynamic] ==> ignore
    arg [-dynamic-linker] ==> ignore
    arg [/lib64/ld-linux-x86-64.so.2] ==> ignore
    arg [-o] ==> ignore
    arg [cmTryCompileExec537874914] ==> ignore
    arg [/lib/../lib64/crt1.o] ==> ignore
    arg [/lib/../lib64/crti.o] ==> ignore
    arg [/opt/gcc64/lib/gcc/x86_64-redhat-linux/6.4.0/crtbegin.o] ==> ignore
    arg [-L/usr/local/lib/../lib64] ==> dir [/usr/local/lib/../lib64]
    arg [-L/opt/gcc64/lib/gcc/x86_64-redhat-linux/6.4.0] ==> dir [/opt/gcc64/lib/gcc/x86_64-redhat-linux/6.4.0]
    arg [-L/opt/gcc64/lib/gcc/x86_64-redhat-linux/6.4.0/../../../../lib64] ==> dir [/opt/gcc64/lib/gcc/x86_64-redhat-linux/6.4.0/../../../../lib64]
    arg [-L/lib/../lib64] ==> dir [/lib/../lib64]
    arg [-L/usr/lib/../lib64] ==> dir [/usr/lib/../lib64]
    arg [-L/usr/local/boost/lib] ==> dir [/usr/local/boost/lib]
    arg [-L.] ==> ignore
    arg [-L/usr/local/lib] ==> dir [/usr/local/lib]
    arg [-L/opt/gcc64/lib/gcc/x86_64-redhat-linux/6.4.0/../../..] ==> dir [/opt/gcc64/lib/gcc/x86_64-redhat-linux/6.4.0/../../..]
    arg [CMakeFiles/cmTryCompileExec537874914.dir/CMakeCXXCompilerABI.cpp.o] ==> ignore
    arg [-lstdc++] ==> lib [stdc++]
    arg [-lm] ==> lib [m]
    arg [-lgcc_s] ==> lib [gcc_s]
    arg [-lgcc] ==> lib [gcc]
    arg [-lc] ==> lib [c]
    arg [-lgcc_s] ==> lib [gcc_s]
    arg [-lgcc] ==> lib [gcc]
    arg [/opt/gcc64/lib/gcc/x86_64-redhat-linux/6.4.0/crtend.o] ==> ignore
    arg [/lib/../lib64/crtn.o] ==> ignore
  remove lib [gcc_s]
  remove lib [gcc]
  remove lib [gcc_s]
  remove lib [gcc]
  collapse library dir [/usr/local/lib/../lib64] ==> [/usr/local/lib64]
  collapse library dir [/opt/gcc64/lib/gcc/x86_64-redhat-linux/6.4.0] ==> [/opt/gcc64/lib/gcc/x86_64-redhat-linux/6.4.0]
  collapse library dir [/opt/gcc64/lib/gcc/x86_64-redhat-linux/6.4.0/../../../../lib64] ==> [/opt/gcc64/lib64]
  collapse library dir [/lib/../lib64] ==> [/lib64]
  collapse library dir [/usr/lib/../lib64] ==> [/usr/lib64]
  collapse library dir [/usr/local/boost/lib] ==> [/usr/local/boost/lib]
  collapse library dir [/usr/local/lib] ==> [/usr/local/lib]
  collapse library dir [/opt/gcc64/lib/gcc/x86_64-redhat-linux/6.4.0/../../..] ==> [/opt/gcc64/lib]
  implicit libs: [stdc++;m;c]
  implicit dirs: [/usr/local/lib64;/opt/gcc64/lib/gcc/x86_64-redhat-linux/6.4.0;/opt/gcc64/lib64;/lib64;/usr/lib64;/usr/local/boost/lib;/usr/local/lib;/opt/gcc64/lib]
  implicit fwks: []




Detecting CXX [-std=c++14] compiler features compiled with the following output:
Change Dir: /home/hemant/fbthrift/build/CMakeFiles/CMakeTmp

Run Build Command:"/usr/bin/gmake" "cmTryCompileExec3942888610/fast"
gmake[1]: Entering directory `/home/hemant/fbthrift/build/CMakeFiles/CMakeTmp'
/usr/bin/gmake -f CMakeFiles/cmTryCompileExec3942888610.dir/build.make CMakeFiles/cmTryCompileExec3942888610.dir/build
gmake[2]: Entering directory `/home/hemant/fbthrift/build/CMakeFiles/CMakeTmp'
/usr/local/bin/cmake -E cmake_progress_report /home/hemant/fbthrift/build/CMakeFiles/CMakeTmp/CMakeFiles 1
Building CXX object CMakeFiles/cmTryCompileExec3942888610.dir/feature_tests.cxx.o
/opt/gcc64/bin/g++    -std=c++14 -o CMakeFiles/cmTryCompileExec3942888610.dir/feature_tests.cxx.o -c /home/hemant/fbthrift/build/CMakeFiles/feature_tests.cxx
Linking CXX executable cmTryCompileExec3942888610
/usr/local/bin/cmake -E cmake_link_script CMakeFiles/cmTryCompileExec3942888610.dir/link.txt --verbose=1
/opt/gcc64/bin/g++        CMakeFiles/cmTryCompileExec3942888610.dir/feature_tests.cxx.o  -o cmTryCompileExec3942888610 -rdynamic 
gmake[2]: Leaving directory `/home/hemant/fbthrift/build/CMakeFiles/CMakeTmp'
gmake[1]: Leaving directory `/home/hemant/fbthrift/build/CMakeFiles/CMakeTmp'


    Feature record: CXX_FEATURE:1cxx_aggregate_default_initializers
    Feature record: CXX_FEATURE:1cxx_alias_templates
    Feature record: CXX_FEATURE:1cxx_alignas
    Feature record: CXX_FEATURE:1cxx_alignof
    Feature record: CXX_FEATURE:1cxx_attributes
    Feature record: CXX_FEATURE:1cxx_attribute_deprecated
    Feature record: CXX_FEATURE:1cxx_auto_type
    Feature record: CXX_FEATURE:1cxx_binary_literals
    Feature record: CXX_FEATURE:1cxx_constexpr
    Feature record: CXX_FEATURE:1cxx_contextual_conversions
    Feature record: CXX_FEATURE:1cxx_decltype
    Feature record: CXX_FEATURE:1cxx_decltype_auto
    Feature record: CXX_FEATURE:1cxx_decltype_incomplete_return_types
    Feature record: CXX_FEATURE:1cxx_default_function_template_args
    Feature record: CXX_FEATURE:1cxx_defaulted_functions
    Feature record: CXX_FEATURE:1cxx_defaulted_move_initializers
    Feature record: CXX_FEATURE:1cxx_delegating_constructors
    Feature record: CXX_FEATURE:1cxx_deleted_functions
    Feature record: CXX_FEATURE:1cxx_digit_separators
    Feature record: CXX_FEATURE:1cxx_enum_forward_declarations
    Feature record: CXX_FEATURE:1cxx_explicit_conversions
    Feature record: CXX_FEATURE:1cxx_extended_friend_declarations
    Feature record: CXX_FEATURE:1cxx_extern_templates
    Feature record: CXX_FEATURE:1cxx_final
    Feature record: CXX_FEATURE:1cxx_func_identifier
    Feature record: CXX_FEATURE:1cxx_generalized_initializers
    Feature record: CXX_FEATURE:1cxx_generic_lambdas
    Feature record: CXX_FEATURE:1cxx_inheriting_constructors
    Feature record: CXX_FEATURE:1cxx_inline_namespaces
    Feature record: CXX_FEATURE:1cxx_lambdas
    Feature record: CXX_FEATURE:1cxx_lambda_init_captures
    Feature record: CXX_FEATURE:1cxx_local_type_template_args
    Feature record: CXX_FEATURE:1cxx_long_long_type
    Feature record: CXX_FEATURE:1cxx_noexcept
    Feature record: CXX_FEATURE:1cxx_nonstatic_member_init
    Feature record: CXX_FEATURE:1cxx_nullptr
    Feature record: CXX_FEATURE:1cxx_override
    Feature record: CXX_FEATURE:1cxx_range_for
    Feature record: CXX_FEATURE:1cxx_raw_string_literals
    Feature record: CXX_FEATURE:1cxx_reference_qualified_functions
    Feature record: CXX_FEATURE:1cxx_relaxed_constexpr
    Feature record: CXX_FEATURE:1cxx_return_type_deduction
    Feature record: CXX_FEATURE:1cxx_right_angle_brackets
    Feature record: CXX_FEATURE:1cxx_rvalue_references
    Feature record: CXX_FEATURE:1cxx_sizeof_member
    Feature record: CXX_FEATURE:1cxx_static_assert
    Feature record: CXX_FEATURE:1cxx_strong_enums
    Feature record: CXX_FEATURE:1cxx_template_template_parameters
    Feature record: CXX_FEATURE:1cxx_thread_local
    Feature record: CXX_FEATURE:1cxx_trailing_return_types
    Feature record: CXX_FEATURE:1cxx_unicode_literals
    Feature record: CXX_FEATURE:1cxx_uniform_initialization
    Feature record: CXX_FEATURE:1cxx_unrestricted_unions
    Feature record: CXX_FEATURE:1cxx_user_literals
    Feature record: CXX_FEATURE:1cxx_variable_templates
    Feature record: CXX_FEATURE:1cxx_variadic_macros
    Feature record: CXX_FEATURE:1cxx_variadic_templates


Detecting CXX [-std=c++11] compiler features compiled with the following output:
Change Dir: /home/hemant/fbthrift/build/CMakeFiles/CMakeTmp

Run Build Command:"/usr/bin/gmake" "cmTryCompileExec1455269025/fast"
gmake[1]: Entering directory `/home/hemant/fbthrift/build/CMakeFiles/CMakeTmp'
/usr/bin/gmake -f CMakeFiles/cmTryCompileExec1455269025.dir/build.make CMakeFiles/cmTryCompileExec1455269025.dir/build
gmake[2]: Entering directory `/home/hemant/fbthrift/build/CMakeFiles/CMakeTmp'
/usr/local/bin/cmake -E cmake_progress_report /home/hemant/fbthrift/build/CMakeFiles/CMakeTmp/CMakeFiles 1
Building CXX object CMakeFiles/cmTryCompileExec1455269025.dir/feature_tests.cxx.o
/opt/gcc64/bin/g++    -std=c++11 -o CMakeFiles/cmTryCompileExec1455269025.dir/feature_tests.cxx.o -c /home/hemant/fbthrift/build/CMakeFiles/feature_tests.cxx
Linking CXX executable cmTryCompileExec1455269025
/usr/local/bin/cmake -E cmake_link_script CMakeFiles/cmTryCompileExec1455269025.dir/link.txt --verbose=1
/opt/gcc64/bin/g++        CMakeFiles/cmTryCompileExec1455269025.dir/feature_tests.cxx.o  -o cmTryCompileExec1455269025 -rdynamic 
gmake[2]: Leaving directory `/home/hemant/fbthrift/build/CMakeFiles/CMakeTmp'
gmake[1]: Leaving directory `/home/hemant/fbthrift/build/CMakeFiles/CMakeTmp'


    Feature record: CXX_FEATURE:0cxx_aggregate_default_initializers
    Feature record: CXX_FEATURE:1cxx_alias_templates
    Feature record: CXX_FEATURE:1cxx_alignas
    Feature record: CXX_FEATURE:1cxx_alignof
    Feature record: CXX_FEATURE:1cxx_attributes
    Feature record: CXX_FEATURE:0cxx_attribute_deprecated
    Feature record: CXX_FEATURE:1cxx_auto_type
    Feature record: CXX_FEATURE:0cxx_binary_literals
    Feature record: CXX_FEATURE:1cxx_constexpr
    Feature record: CXX_FEATURE:0cxx_contextual_conversions
    Feature record: CXX_FEATURE:1cxx_decltype
    Feature record: CXX_FEATURE:0cxx_decltype_auto
    Feature record: CXX_FEATURE:1cxx_decltype_incomplete_return_types
    Feature record: CXX_FEATURE:1cxx_default_function_template_args
    Feature record: CXX_FEATURE:1cxx_defaulted_functions
    Feature record: CXX_FEATURE:1cxx_defaulted_move_initializers
    Feature record: CXX_FEATURE:1cxx_delegating_constructors
    Feature record: CXX_FEATURE:1cxx_deleted_functions
    Feature record: CXX_FEATURE:0cxx_digit_separators
    Feature record: CXX_FEATURE:1cxx_enum_forward_declarations
    Feature record: CXX_FEATURE:1cxx_explicit_conversions
    Feature record: CXX_FEATURE:1cxx_extended_friend_declarations
    Feature record: CXX_FEATURE:1cxx_extern_templates
    Feature record: CXX_FEATURE:1cxx_final
    Feature record: CXX_FEATURE:1cxx_func_identifier
    Feature record: CXX_FEATURE:1cxx_generalized_initializers
    Feature record: CXX_FEATURE:0cxx_generic_lambdas
    Feature record: CXX_FEATURE:1cxx_inheriting_constructors
    Feature record: CXX_FEATURE:1cxx_inline_namespaces
    Feature record: CXX_FEATURE:1cxx_lambdas
    Feature record: CXX_FEATURE:0cxx_lambda_init_captures
    Feature record: CXX_FEATURE:1cxx_local_type_template_args
    Feature record: CXX_FEATURE:1cxx_long_long_type
    Feature record: CXX_FEATURE:1cxx_noexcept
    Feature record: CXX_FEATURE:1cxx_nonstatic_member_init
    Feature record: CXX_FEATURE:1cxx_nullptr
    Feature record: CXX_FEATURE:1cxx_override
    Feature record: CXX_FEATURE:1cxx_range_for
    Feature record: CXX_FEATURE:1cxx_raw_string_literals
    Feature record: CXX_FEATURE:1cxx_reference_qualified_functions
    Feature record: CXX_FEATURE:0cxx_relaxed_constexpr
    Feature record: CXX_FEATURE:0cxx_return_type_deduction
    Feature record: CXX_FEATURE:1cxx_right_angle_brackets
    Feature record: CXX_FEATURE:1cxx_rvalue_references
    Feature record: CXX_FEATURE:1cxx_sizeof_member
    Feature record: CXX_FEATURE:1cxx_static_assert
    Feature record: CXX_FEATURE:1cxx_strong_enums
    Feature record: CXX_FEATURE:1cxx_template_template_parameters
    Feature record: CXX_FEATURE:1cxx_thread_local
    Feature record: CXX_FEATURE:1cxx_trailing_return_types
    Feature record: CXX_FEATURE:1cxx_unicode_literals
    Feature record: CXX_FEATURE:1cxx_uniform_initialization
    Feature record: CXX_FEATURE:1cxx_unrestricted_unions
    Feature record: CXX_FEATURE:1cxx_user_literals
    Feature record: CXX_FEATURE:0cxx_variable_templates
    Feature record: CXX_FEATURE:1cxx_variadic_macros
    Feature record: CXX_FEATURE:1cxx_variadic_templates


Detecting CXX [-std=c++98] compiler features compiled with the following output:
Change Dir: /home/hemant/fbthrift/build/CMakeFiles/CMakeTmp

Run Build Command:"/usr/bin/gmake" "cmTryCompileExec3369465872/fast"
gmake[1]: Entering directory `/home/hemant/fbthrift/build/CMakeFiles/CMakeTmp'
/usr/bin/gmake -f CMakeFiles/cmTryCompileExec3369465872.dir/build.make CMakeFiles/cmTryCompileExec3369465872.dir/build
gmake[2]: Entering directory `/home/hemant/fbthrift/build/CMakeFiles/CMakeTmp'
/usr/local/bin/cmake -E cmake_progress_report /home/hemant/fbthrift/build/CMakeFiles/CMakeTmp/CMakeFiles 1
Building CXX object CMakeFiles/cmTryCompileExec3369465872.dir/feature_tests.cxx.o
/opt/gcc64/bin/g++    -std=c++98 -o CMakeFiles/cmTryCompileExec3369465872.dir/feature_tests.cxx.o -c /home/hemant/fbthrift/build/CMakeFiles/feature_tests.cxx
Linking CXX executable cmTryCompileExec3369465872
/usr/local/bin/cmake -E cmake_link_script CMakeFiles/cmTryCompileExec3369465872.dir/link.txt --verbose=1
/opt/gcc64/bin/g++        CMakeFiles/cmTryCompileExec3369465872.dir/feature_tests.cxx.o  -o cmTryCompileExec3369465872 -rdynamic 
gmake[2]: Leaving directory `/home/hemant/fbthrift/build/CMakeFiles/CMakeTmp'
gmake[1]: Leaving directory `/home/hemant/fbthrift/build/CMakeFiles/CMakeTmp'


    Feature record: CXX_FEATURE:0cxx_aggregate_default_initializers
    Feature record: CXX_FEATURE:0cxx_alias_templates
    Feature record: CXX_FEATURE:0cxx_alignas
    Feature record: CXX_FEATURE:0cxx_alignof
    Feature record: CXX_FEATURE:0cxx_attributes
    Feature record: CXX_FEATURE:0cxx_attribute_deprecated
    Feature record: CXX_FEATURE:0cxx_auto_type
    Feature record: CXX_FEATURE:0cxx_binary_literals
    Feature record: CXX_FEATURE:0cxx_constexpr
    Feature record: CXX_FEATURE:0cxx_contextual_conversions
    Feature record: CXX_FEATURE:0cxx_decltype
    Feature record: CXX_FEATURE:0cxx_decltype_auto
    Feature record: CXX_FEATURE:0cxx_decltype_incomplete_return_types
    Feature record: CXX_FEATURE:0cxx_default_function_template_args
    Feature record: CXX_FEATURE:0cxx_defaulted_functions
    Feature record: CXX_FEATURE:0cxx_defaulted_move_initializers
    Feature record: CXX_FEATURE:0cxx_delegating_constructors
    Feature record: CXX_FEATURE:0cxx_deleted_functions
    Feature record: CXX_FEATURE:0cxx_digit_separators
    Feature record: CXX_FEATURE:0cxx_enum_forward_declarations
    Feature record: CXX_FEATURE:0cxx_explicit_conversions
    Feature record: CXX_FEATURE:0cxx_extended_friend_declarations
    Feature record: CXX_FEATURE:0cxx_extern_templates
    Feature record: CXX_FEATURE:0cxx_final
    Feature record: CXX_FEATURE:0cxx_func_identifier
    Feature record: CXX_FEATURE:0cxx_generalized_initializers
    Feature record: CXX_FEATURE:0cxx_generic_lambdas
    Feature record: CXX_FEATURE:0cxx_inheriting_constructors
    Feature record: CXX_FEATURE:0cxx_inline_namespaces
    Feature record: CXX_FEATURE:0cxx_lambdas
    Feature record: CXX_FEATURE:0cxx_lambda_init_captures
    Feature record: CXX_FEATURE:0cxx_local_type_template_args
    Feature record: CXX_FEATURE:0cxx_long_long_type
    Feature record: CXX_FEATURE:0cxx_noexcept
    Feature record: CXX_FEATURE:0cxx_nonstatic_member_init
    Feature record: CXX_FEATURE:0cxx_nullptr
    Feature record: CXX_FEATURE:0cxx_override
    Feature record: CXX_FEATURE:0cxx_range_for
    Feature record: CXX_FEATURE:0cxx_raw_string_literals
    Feature record: CXX_FEATURE:0cxx_reference_qualified_functions
    Feature record: CXX_FEATURE:0cxx_relaxed_constexpr
    Feature record: CXX_FEATURE:0cxx_return_type_deduction
    Feature record: CXX_FEATURE:0cxx_right_angle_brackets
    Feature record: CXX_FEATURE:0cxx_rvalue_references
    Feature record: CXX_FEATURE:0cxx_sizeof_member
    Feature record: CXX_FEATURE:0cxx_static_assert
    Feature record: CXX_FEATURE:0cxx_strong_enums
    Feature record: CXX_FEATURE:1cxx_template_template_parameters
    Feature record: CXX_FEATURE:0cxx_thread_local
    Feature record: CXX_FEATURE:0cxx_trailing_return_types
    Feature record: CXX_FEATURE:0cxx_unicode_literals
    Feature record: CXX_FEATURE:0cxx_uniform_initialization
    Feature record: CXX_FEATURE:0cxx_unrestricted_unions
    Feature record: CXX_FEATURE:0cxx_user_literals
    Feature record: CXX_FEATURE:0cxx_variable_templates
    Feature record: CXX_FEATURE:0cxx_variadic_macros
    Feature record: CXX_FEATURE:0cxx_variadic_templates
Determining if files pthread.h exist passed with the following output:
Change Dir: /home/hemant/fbthrift/build/CMakeFiles/CMakeTmp

Run Build Command:"/usr/bin/gmake" "cmTryCompileExec2690680684/fast"
gmake[1]: Entering directory `/home/hemant/fbthrift/build/CMakeFiles/CMakeTmp'
/usr/bin/gmake -f CMakeFiles/cmTryCompileExec2690680684.dir/build.make CMakeFiles/cmTryCompileExec2690680684.dir/build
gmake[2]: Entering directory `/home/hemant/fbthrift/build/CMakeFiles/CMakeTmp'
/usr/local/bin/cmake -E cmake_progress_report /home/hemant/fbthrift/build/CMakeFiles/CMakeTmp/CMakeFiles 1
Building C object CMakeFiles/cmTryCompileExec2690680684.dir/CheckIncludeFiles.c.o
/opt/gcc64/bin/gcc    -o CMakeFiles/cmTryCompileExec2690680684.dir/CheckIncludeFiles.c.o   -c /home/hemant/fbthrift/build/CMakeFiles/CMakeTmp/CheckIncludeFiles.c
Linking C executable cmTryCompileExec2690680684
/usr/local/bin/cmake -E cmake_link_script CMakeFiles/cmTryCompileExec2690680684.dir/link.txt --verbose=1
/opt/gcc64/bin/gcc       CMakeFiles/cmTryCompileExec2690680684.dir/CheckIncludeFiles.c.o  -o cmTryCompileExec2690680684 -rdynamic 
gmake[2]: Leaving directory `/home/hemant/fbthrift/build/CMakeFiles/CMakeTmp'
gmake[1]: Leaving directory `/home/hemant/fbthrift/build/CMakeFiles/CMakeTmp'


